23:47:02.476 [sbt-bg-threads-1] INFO  GenerateLogData$ - Log data generator started...
23:47:03.095 [sbt-bg-threads-1] WARN  HelperUtils.Parameters$ - Max count 100 is used to create records instead of timeouts
23:47:03.388 [scala-execution-context-global-73] WARN  HelperUtils.Parameters$ - s%]s,+2k|D}K7b/XCwG&@7HDPR8z
23:47:03.774 [scala-execution-context-global-73] INFO  HelperUtils.Parameters$ - ;kNI&V%v<c#eSDK@lPY(
23:47:04.228 [scala-execution-context-global-73] INFO  HelperUtils.Parameters$ - l9]|92!uHUQ/IVcz~(;.Uz%K*5jTUd08
23:47:04.443 [scala-execution-context-global-73] INFO  HelperUtils.Parameters$ - G3sw7^U<^q^Cl!aMTDbNz<:$;?e<.0JD_'
23:47:05.274 [scala-execution-context-global-73] WARN  HelperUtils.Parameters$ - A><YFqpg+~"E1T
23:47:05.563 [scala-execution-context-global-73] DEBUG HelperUtils.Parameters$ - JrQB;P0"&+6;&Dk-
23:47:06.175 [scala-execution-context-global-73] INFO  HelperUtils.Parameters$ - OsI1`qAeU5H;\+
23:47:06.266 [scala-execution-context-global-73] INFO  HelperUtils.Parameters$ - [h!Q9PEY>L(NpKLBO"Gjo:=4kRXQ_tZ!
23:47:06.321 [scala-execution-context-global-73] INFO  HelperUtils.Parameters$ - B?y&C"C5rsb:2037;f&|vM#x?z|Ny|&<44Z8B&rF1#&M
23:47:06.815 [scala-execution-context-global-73] WARN  HelperUtils.Parameters$ - x2oBSI0/\%CdfV2%ChSsnZ7vJo=2qJqZ%."kbc!0ne`y&m
23:47:06.931 [scala-execution-context-global-73] ERROR HelperUtils.Parameters$ - ihu}!A2]*07}|,lc
23:47:07.637 [scala-execution-context-global-73] INFO  HelperUtils.Parameters$ - CC]>~R#,^#0JWyESarZdETDcvk)Yk'I?
23:47:08.347 [scala-execution-context-global-73] WARN  HelperUtils.Parameters$ - Swq;g+6M:?820=Gmd#.p)sFaqoKc^mm](.A8Z-4-].tp|cfR\~rc(m^{
23:47:08.772 [scala-execution-context-global-73] INFO  HelperUtils.Parameters$ - zXK=Fze%-6Iv-^q{zhG|EUzvd);tOj-:
23:47:09.034 [scala-execution-context-global-73] INFO  HelperUtils.Parameters$ - ^<A>61@{3[KEk@M/Xh-q%sco3Dkwq~
23:47:09.277 [scala-execution-context-global-73] WARN  HelperUtils.Parameters$ - Bv^B8Re'$VG)[P".g*?f<G\l5n.18B|i<E&rgPQZ;wBeA{4O/fy+Pp
23:47:10.223 [scala-execution-context-global-73] WARN  HelperUtils.Parameters$ - k1H+R#/%d0>Q>N:6\enT]U
23:47:10.928 [scala-execution-context-global-73] INFO  HelperUtils.Parameters$ - 8G;,3m_T`G#H]&Yh:Ei1%fp''5`af1cf1cg3ce0af2cf0P8lH7jbf2bg0U9hbe0ce3%<Bqz8fMm#{JWqMdoc_2N/|wf8]
23:47:11.482 [scala-execution-context-global-73] DEBUG HelperUtils.Parameters$ - VK}xA-I8Mm~Df(ix_'6L[aHf
23:47:12.158 [scala-execution-context-global-73] WARN  HelperUtils.Parameters$ - `GjwbKM=xCZ@.y,k)]w'FMs}Bb`I9wae0L8uH8hL7rL5wU7ubf1be2be0M7/GeU/Z{?BL48]F,NL<Z;;zRlf
23:47:12.464 [scala-execution-context-global-73] INFO  HelperUtils.Parameters$ - ~hM`QzHR@#?X
23:47:12.701 [scala-execution-context-global-73] DEBUG HelperUtils.Parameters$ - zrI&6(<<Y]3wQEuWwILRMZHN2:MSx#O,z(-33=m\S}
23:47:13.335 [scala-execution-context-global-73] INFO  HelperUtils.Parameters$ - VL79+EA'Z5~H@5ioZbV:m@Y(fPy:M*'!Cnb3Q0
23:47:13.967 [scala-execution-context-global-73] INFO  HelperUtils.Parameters$ - k!t?$kVPmq{^'cXa!.CUuuwLZ;Wm>35nf.iF
23:47:14.683 [scala-execution-context-global-73] INFO  HelperUtils.Parameters$ - 95+,oRGF4S2l_=
23:47:15.112 [scala-execution-context-global-73] INFO  HelperUtils.Parameters$ - R_z(asqL*c"B09zLFeJ?
23:47:15.242 [scala-execution-context-global-73] WARN  HelperUtils.Parameters$ - ARGv?4OB$P{'UBG+E5f.FxUN|G[sW0gqs<1]#O&[vq37"a7$
23:47:15.490 [scala-execution-context-global-73] INFO  HelperUtils.Parameters$ - tuim5@DE*+l"h2VVxq/cC)1xbS.#&hlOSyF?rMqh"68W#0o+#;XU;3
23:47:16.091 [scala-execution-context-global-73] INFO  HelperUtils.Parameters$ - mjA"WW!|E=HZc/5,D(9ef<2/Wj^uW9g3Kg!+B9[>rgc*aD5\
23:47:16.896 [scala-execution-context-global-73] WARN  HelperUtils.Parameters$ - 9s(YWe{AYZ#<5u\`~b\o|E5(\[\Wcg2af1bf3ag1cg2U6o%_)%8+L#Q=0-(Mpv=am^mF=9foE*
23:47:16.957 [scala-execution-context-global-73] ERROR HelperUtils.Parameters$ - +<|(az1vRq\2sZgV!iy"<!\H
23:47:17.825 [scala-execution-context-global-73] WARN  HelperUtils.Parameters$ - fUaHC>3`H/7=l-5J1ihE\TNL$+ukIW8p'>xWE?Af^<tW
23:47:18.655 [scala-execution-context-global-73] WARN  HelperUtils.Parameters$ - ~yk`T()2Eo('HJ9%q@[J_I!E4w()+TPe|i
23:47:18.881 [scala-execution-context-global-73] INFO  HelperUtils.Parameters$ - 1:Nj'Mn,8R0y`Ra$@^iI^R\Cs@;,6|FA;'gzH\5r%3_d$VA3b!@c
23:47:19.177 [scala-execution-context-global-73] INFO  HelperUtils.Parameters$ - saz,c88"OJ=Kjv;=[x+bbYDLDostby
23:47:19.880 [scala-execution-context-global-73] INFO  HelperUtils.Parameters$ - W/M'Ifw,4}yEV,:/:jM^X+*tF}1U!,y|e7<w
23:47:20.631 [scala-execution-context-global-73] WARN  HelperUtils.Parameters$ - dF}Uh?06o?79~Oo/!M0M94TmctS.]H9uI5fX9rL9jM8o?(K$`SG,l2c9MK26#<Iu%HSV;Vf'w
23:47:21.531 [scala-execution-context-global-73] WARN  HelperUtils.Parameters$ - ypY$cfw{.@T%&g=G3eH^un"b%k%D/McY
23:47:21.628 [scala-execution-context-global-73] DEBUG HelperUtils.Parameters$ - IoIy~B(-Jy4@NVxK5aRJmbHT1^
23:47:21.848 [scala-execution-context-global-73] INFO  HelperUtils.Parameters$ - [hfz'.a)BB3O*"t4b^14</FgJ;lR[)%/n58:%BvgaqkU[p_}
23:47:21.948 [scala-execution-context-global-73] WARN  HelperUtils.Parameters$ - ]WpT#==ClG,|gYva#B.Sq50[:%=4D|.%D$&8
23:47:22.537 [scala-execution-context-global-73] INFO  HelperUtils.Parameters$ - #Y>8(duHqjE,~0]l9x|@e/^E_YH}1\kVL;b%?oJPp_f2"z*3`#P_0i)Z
23:47:23.373 [scala-execution-context-global-73] INFO  HelperUtils.Parameters$ - (/p+xj~)$f?eA!~oR<C&jq
23:47:24.359 [scala-execution-context-global-73] INFO  HelperUtils.Parameters$ - )Ay:tT}M.~#p&dTN0oJrtXNW)3I}iK:M@1aBf0JLnJHs
23:47:25.156 [scala-execution-context-global-73] DEBUG HelperUtils.Parameters$ - 6E*c7r">-natm:mwuJIV
23:47:25.339 [scala-execution-context-global-73] WARN  HelperUtils.Parameters$ - N|\c#jl!`7G'vL=-(vBl-y{,CdsMM/fUXy1q-"eI
23:47:26.148 [scala-execution-context-global-73] INFO  HelperUtils.Parameters$ - v!%VUY2M<Z1&?{f3dg"x6/H96<cfB-2J^eV*^##2Mv
23:47:27.077 [scala-execution-context-global-73] INFO  HelperUtils.Parameters$ - MZ,1G2tZW1Pj/slfE0b/-79~2?!?e=RF
23:47:27.658 [scala-execution-context-global-73] INFO  HelperUtils.Parameters$ - h#\Vvm1CH[v9G||tHMdI\P0"5x
23:47:28.256 [scala-execution-context-global-73] INFO  HelperUtils.Parameters$ - fFZet`^k'jEH/.~8Sv<-|T|H
23:47:28.653 [scala-execution-context-global-73] INFO  HelperUtils.Parameters$ - ;=r2~K/pKYE9m=5n.+%2^vC0PN>"SV8Yk%L&'lvd
23:47:29.280 [scala-execution-context-global-73] INFO  HelperUtils.Parameters$ - W"yVy`Pu*#8,a+_{.gc`E\f]dR>NNH
23:47:29.428 [scala-execution-context-global-73] INFO  HelperUtils.Parameters$ - 5;gvzdpJE?R&I_yY)<&s6D|(H}
23:47:30.169 [scala-execution-context-global-73] INFO  HelperUtils.Parameters$ - VkZ_pCyC#7SdN$Lz-$(be0P5nbg1af3be3q=Lp-0)Dk"KUzcKp{jB
23:47:30.474 [scala-execution-context-global-73] WARN  HelperUtils.Parameters$ - }IQV%wSDt_Xu`hyT/Hs#~9<;x7nea|jnNfX6]MX/1ckZ
23:47:30.730 [scala-execution-context-global-73] WARN  HelperUtils.Parameters$ - s7n"6j"F&KlzxX)$W^
23:47:31.151 [scala-execution-context-global-73] INFO  HelperUtils.Parameters$ - *Dn!XV1D/:/[8Of<h{zj<s_1\B|#]h=tSA1[
23:47:31.885 [scala-execution-context-global-73] INFO  HelperUtils.Parameters$ - qwTT9\,8L26QbzuniuC]~826%P
23:47:32.424 [scala-execution-context-global-73] WARN  HelperUtils.Parameters$ - rY+A0*sMiTsWuz|N
23:47:32.817 [scala-execution-context-global-73] WARN  HelperUtils.Parameters$ - bNnyh.E,jG4s}(+J
23:47:33.373 [scala-execution-context-global-73] INFO  HelperUtils.Parameters$ - +s!ap?xE[gcefaeb!TvZ;|;)j1BpnZ
23:47:33.553 [scala-execution-context-global-73] INFO  HelperUtils.Parameters$ - ySJArDmHD./4WJkP#a'Y_-wcdN)Xo}
23:47:33.860 [scala-execution-context-global-73] INFO  HelperUtils.Parameters$ - #VNs:71/[6T^"]pdf$Ve
23:47:34.751 [scala-execution-context-global-73] DEBUG HelperUtils.Parameters$ - "TYZ4h!|j{P}7Lzqo*w|v_*LT\U-
23:47:35.079 [scala-execution-context-global-73] INFO  HelperUtils.Parameters$ - 4E*R?~0M!(^3|XCq:6)<i:}F
23:47:35.508 [scala-execution-context-global-73] INFO  HelperUtils.Parameters$ - {YKUN&Q#tGN&`exn]N/dQhUQyG5Kc#V3_F
23:47:35.631 [scala-execution-context-global-73] INFO  HelperUtils.Parameters$ - Ju)o&j-:[aq>h+*W'>.d%)@T
23:47:35.895 [scala-execution-context-global-73] INFO  HelperUtils.Parameters$ - ggvuV`}2L:)K&:o`?p$u6h_5:uz&IdL9;I=Bgi
23:47:36.476 [scala-execution-context-global-73] INFO  HelperUtils.Parameters$ - s6dpdy]{.56AaG,g-KPeHG~OK+)$7F0Jc$qcx*rR
23:47:36.731 [scala-execution-context-global-73] INFO  HelperUtils.Parameters$ - D-yTiRU3b;4~e`JP?G6Z}+z=iTCyc<r~
23:47:36.960 [scala-execution-context-global-73] WARN  HelperUtils.Parameters$ - x"$aba.BoT4l,#|tx]5,VV'RQrPLA:S+-qq6K7X,u+*jI(z_?*$nZyb-
23:47:37.680 [scala-execution-context-global-73] INFO  HelperUtils.Parameters$ - G7,7lx'yzht2&hp`uJ{f%y
23:47:38.128 [scala-execution-context-global-73] WARN  HelperUtils.Parameters$ - g"T*9}h:)6&DV^n&\x_'*k:Bqj
23:47:38.524 [scala-execution-context-global-73] INFO  HelperUtils.Parameters$ - p:^g5oBMz_F[+q4zXK*k>q4k670d
23:47:38.807 [scala-execution-context-global-73] INFO  HelperUtils.Parameters$ - TOq%cDnG=w'+^9/UIqEPIh+&w!iq6DEV^x*C
23:47:38.830 [scala-execution-context-global-73] INFO  HelperUtils.Parameters$ - e8FCX&4s%",@kh
23:47:39.372 [scala-execution-context-global-73] INFO  HelperUtils.Parameters$ - n^fRu/+3t:!SC:fVAS>_6?IQKG0X0xrEjGq'{T(V$[%y+fU=UpUvt~NJ
23:47:40.153 [scala-execution-context-global-73] WARN  HelperUtils.Parameters$ - W;lAY1=.LM=M
23:47:40.286 [scala-execution-context-global-73] INFO  HelperUtils.Parameters$ - .BaQ/}ha\OyA@EF,
23:47:40.943 [scala-execution-context-global-73] INFO  HelperUtils.Parameters$ - GvY4]|#G@EpM^aB^*zHWH(8Q
23:47:41.392 [scala-execution-context-global-73] INFO  HelperUtils.Parameters$ - ]]bp5IyhQqZ;Wz?m11Qup;^V|9%rWiX@%|V{\ZcgtkjRKhWY_J@<
23:47:41.678 [scala-execution-context-global-73] INFO  HelperUtils.Parameters$ - b=`CwF"GnG#\I8?l;=@|MiaV8%px06ruy#t\5)DDTdHi"u}e(~-D6y
23:47:41.694 [scala-execution-context-global-73] WARN  HelperUtils.Parameters$ - <V%[8OZDIjLe$Vae0ag2be2cf3Q5vK5lce1ce2cg3hbX!^R1<X{I$9X
23:47:42.065 [scala-execution-context-global-73] INFO  HelperUtils.Parameters$ - xo>$'g,DZV!MHCOtMn%sbOz+M27ylQjU^[gzi$E\p16;.E>lE{
23:47:42.697 [scala-execution-context-global-73] WARN  HelperUtils.Parameters$ - Z*!_N@0S]tykR|VjO2]^P%,H/$F(*q
23:47:43.002 [scala-execution-context-global-73] WARN  HelperUtils.Parameters$ - H{UZV^Oe[GHss\"Tc15eY0@D:yZ>go~}dI>iAUGryqb{n`fC`1w@~7){
23:47:43.161 [scala-execution-context-global-73] INFO  HelperUtils.Parameters$ - "1T[7OrOiNVkkC`~0!'hBXO=bBYK5k7)%!O*KK4R}%|M
23:47:43.389 [scala-execution-context-global-73] INFO  HelperUtils.Parameters$ - >)mdvvXuNa5;Ra=~ta}X1wph
23:47:43.760 [scala-execution-context-global-73] INFO  HelperUtils.Parameters$ - #<j`3~J]2gQY'T-N]@6X
23:47:43.998 [scala-execution-context-global-73] INFO  HelperUtils.Parameters$ - kg)99g6OW~@\:#
23:47:44.354 [scala-execution-context-global-73] INFO  HelperUtils.Parameters$ - l3kG[m>UI))uxP3@2L7gvSNp=~
23:47:44.845 [scala-execution-context-global-73] INFO  HelperUtils.Parameters$ - !s&X3~Lg|y(xZ'YQ/RL@BrcQ`Jqp
23:47:45.583 [scala-execution-context-global-73] INFO  HelperUtils.Parameters$ - e24]Fuut[?Z=#\fio?l1Y4V{h],kK.
23:47:45.771 [scala-execution-context-global-73] INFO  HelperUtils.Parameters$ - iOq(Thdm&RC$"jU@fl/bx!-"`-=_|fg8?h!;D|g'UjZu|BAE
23:47:46.556 [scala-execution-context-global-73] WARN  HelperUtils.Parameters$ - F=Lvh,pK1RGZl.{o^DRJ.$7DPjrT&OJiN*oj_#7|gi>h
23:47:47.198 [scala-execution-context-global-73] WARN  HelperUtils.Parameters$ - Ld@AP}}SJ56LOh_1|76?Zc?q{5cl)&y%u=7tfx|lUSx9_qtb|U]Q':
23:47:47.862 [scala-execution-context-global-73] INFO  HelperUtils.Parameters$ - ,{71gU`?A(^4{9k02'W){Lg*,#qi[P.}b&H{3E8Thq-sI=Q{Ecwy@Idr[<
23:47:48.667 [scala-execution-context-global-73] INFO  HelperUtils.Parameters$ - Z^6}^CkT].3RhtbS&c~pL=I[2m*:x<bV`Ffsjs
23:47:49.469 [scala-execution-context-global-73] DEBUG HelperUtils.Parameters$ - y?(7\AFHrf}Z"Z2h'nk4uu/^Z*{wb3mn
23:47:49.692 [scala-execution-context-global-73] INFO  HelperUtils.Parameters$ - q*y^;a/UvxW0"jXqChnMfX
23:47:49.693 [sbt-bg-threads-1] INFO  GenerateLogData$ - Log data generation has completed after generating 100 records.
